<?xml version="1.0" encoding="UTF-8"?>
<!-- Generated by org.testng.reporters.JUnitReportReporter -->
<testsuite hostname="AGI-LT-939" failures="0" tests="1" name="com.supriya.TestNG1.TestNG001" time="14.228" errors="0" timestamp="2021-09-24T03:20:40 IST" skipped="0">
  <testcase classname="com.supriya.TestNG1.TestNG001" name="Test1" time="14.228"/>
  <system-out/>
</testsuite> <!-- com.supriya.TestNG1.TestNG001 -->
